<?xml version="1.0" encoding="UTF-8"?>
<coverage generated="1575485374251" clover="3.2.0">
  <project timestamp="1575485374251" name="All files">
    <metrics statements="11" coveredstatements="9" conditionals="3" coveredconditionals="2" methods="5" coveredmethods="4" elements="19" coveredelements="15" complexity="0" loc="11" ncloc="11" packages="2" files="2" classes="2"/>
    <package name="components">
      <metrics statements="2" coveredstatements="2" conditionals="1" coveredconditionals="1" methods="2" coveredmethods="2"/>
      <file name="SearchResults.js" path="/Users/brainstation/Documents/WDCT-FA2019/week-eleven/webpack-testing-tutorial/src/components/SearchResults.js">
        <metrics statements="2" coveredstatements="2" conditionals="1" coveredconditionals="1" methods="2" coveredmethods="2"/>
        <line num="4" count="4" type="stmt"/>
        <line num="7" count="1" type="stmt"/>
      </file>
    </package>
    <package name="containers">
      <metrics statements="9" coveredstatements="7" conditionals="2" coveredconditionals="1" methods="3" coveredmethods="2"/>
      <file name="App.js" path="/Users/brainstation/Documents/WDCT-FA2019/week-eleven/webpack-testing-tutorial/src/containers/App.js">
        <metrics statements="9" coveredstatements="7" conditionals="2" coveredconditionals="1" methods="3" coveredmethods="2"/>
        <line num="2" count="1" type="stmt"/>
        <line num="5" count="1" type="stmt"/>
        <line num="6" count="1" type="stmt"/>
        <line num="9" count="1" type="stmt"/>
        <line num="13" count="1" type="stmt"/>
        <line num="14" count="0" type="stmt"/>
        <line num="20" count="1" type="cond" truecount="1" falsecount="1"/>
        <line num="21" count="1" type="stmt"/>
        <line num="23" count="0" type="stmt"/>
      </file>
    </package>
  </project>
</coverage>
