{"/Users/brainstation/Documents/WDCT-FA2019/week-eleven/webpack-testing-tutorial/src/components/SearchResults.js": {"path":"/Users/brainstation/Documents/WDCT-FA2019/week-eleven/webpack-testing-tutorial/src/components/SearchResults.js","statementMap":{"0":{"start":{"line":4,"column":2},"end":{"line":14,"column":4}},"1":{"start":{"line":7,"column":8},"end":{"line":11,"column":13}}},"fnMap":{"0":{"name":"SearchResults","decl":{"start":{"line":3,"column":24},"end":{"line":3,"column":37}},"loc":{"start":{"line":3,"column":57},"end":{"line":15,"column":1}},"line":3},"1":{"name":"(anonymous_1)","decl":{"start":{"line":6,"column":20},"end":{"line":6,"column":21}},"loc":{"start":{"line":7,"column":8},"end":{"line":11,"column":13}},"line":7}},"branchMap":{"0":{"loc":{"start":{"line":3,"column":40},"end":{"line":3,"column":53}},"type":"default-arg","locations":[{"start":{"line":3,"column":51},"end":{"line":3,"column":53}}],"line":3}},"s":{"0":4,"1":1},"f":{"0":4,"1":1},"b":{"0":[2]},"_coverageSchema":"43e27e138ebf9cfc5966b082cf9a028302ed4184","hash":"82d1970b47e67a9691142ff8aed3fc666619e6c3"}
,"/Users/brainstation/Documents/WDCT-FA2019/week-eleven/webpack-testing-tutorial/src/containers/App.js": {"path":"/Users/brainstation/Documents/WDCT-FA2019/week-eleven/webpack-testing-tutorial/src/containers/App.js","statementMap":{"0":{"start":{"line":2,"column":14},"end":{"line":2,"column":30}},"1":{"start":{"line":5,"column":16},"end":{"line":5,"column":54}},"2":{"start":{"line":6,"column":12},"end":{"line":6,"column":71}},"3":{"start":{"line":9,"column":10},"end":{"line":11,"column":3}},"4":{"start":{"line":13,"column":4},"end":{"line":17,"column":6}},"5":{"start":{"line":14,"column":6},"end":{"line":16,"column":8}},"6":{"start":{"line":20,"column":4},"end":{"line":22,"column":5}},"7":{"start":{"line":21,"column":6},"end":{"line":21,"column":37}},"8":{"start":{"line":23,"column":4},"end":{"line":23,"column":60}}},"fnMap":{"0":{"name":"(anonymous_0)","decl":{"start":{"line":12,"column":2},"end":{"line":12,"column":3}},"loc":{"start":{"line":12,"column":22},"end":{"line":18,"column":3}},"line":12},"1":{"name":"(anonymous_1)","decl":{"start":{"line":13,"column":24},"end":{"line":13,"column":25}},"loc":{"start":{"line":14,"column":6},"end":{"line":16,"column":8}},"line":14},"2":{"name":"(anonymous_2)","decl":{"start":{"line":19,"column":2},"end":{"line":19,"column":3}},"loc":{"start":{"line":19,"column":11},"end":{"line":24,"column":3}},"line":19}},"branchMap":{"0":{"loc":{"start":{"line":20,"column":4},"end":{"line":22,"column":5}},"type":"if","locations":[{"start":{"line":20,"column":4},"end":{"line":22,"column":5}},{"start":{"line":20,"column":4},"end":{"line":22,"column":5}}],"line":20}},"s":{"0":1,"1":1,"2":1,"3":1,"4":1,"5":0,"6":1,"7":1,"8":0},"f":{"0":1,"1":0,"2":1},"b":{"0":[1,0]},"_coverageSchema":"43e27e138ebf9cfc5966b082cf9a028302ed4184","hash":"eb8cfc10da7893a26a70aa8503fabcc8a926597b"}
}
