TN:
SF:/Users/brainstation/Documents/WDCT-FA2019/week-eleven/webpack-testing-tutorial/src/components/SearchResults.js
FN:3,SearchResults
FN:6,(anonymous_1)
FNF:2
FNH:2
FNDA:4,SearchResults
FNDA:1,(anonymous_1)
DA:4,4
DA:7,1
LF:2
LH:2
BRDA:3,0,0,2
BRF:1
BRH:1
end_of_record
TN:
SF:/Users/brainstation/Documents/WDCT-FA2019/week-eleven/webpack-testing-tutorial/src/containers/App.js
FN:12,(anonymous_0)
FN:13,(anonymous_1)
FN:19,(anonymous_2)
FNF:3
FNH:2
FNDA:1,(anonymous_0)
FNDA:0,(anonymous_1)
FNDA:1,(anonymous_2)
DA:2,1
DA:5,1
DA:6,1
DA:9,1
DA:13,1
DA:14,0
DA:20,1
DA:21,1
DA:23,0
LF:9
LH:7
BRDA:20,0,0,1
BRDA:20,0,1,0
BRF:2
BRH:1
end_of_record
